<?xml version="1.0" encoding="UTF-8"?>
<robot generator="Robot 6.1.1 (Python 3.12.0 on linux)" generated="20231029 23:36:44.235" rpa="false" schemaversion="4">
<suite id="s1" name="Signup" source="/home/mdias/workspace/QAx/projects/walkdog-robot/tests/signup.robot">
<test id="s1-t1" name="Deve poder cadastrar um novo dog walker" line="10">
<kw name="Start session" library="base" type="SETUP">
<kw name="New Browser" library="Browser">
<arg>browser=${BROWSER}</arg>
<arg>headless=False</arg>
<tag>BrowserControl</tag>
<tag>Setter</tag>
<doc>Create a new playwright Browser with specified options.</doc>
<msg timestamp="20231029 23:36:44.869" level="INFO">{"browser": "webkit", "headless": false, "chromiumSandbox": false, "devtools": false, "handleSIGHUP": true, "handleSIGINT": true, "handleSIGTERM": true, "slowMo": 0.0, "timeout": 30000.0, "tracesDir": "/home/mdias/workspace/QAx/projects/walkdog-robot/logs/browser/traces/f6c34909-5651-47e2-af84-3d1fe0469947"}</msg>
<msg timestamp="20231029 23:36:45.723" level="INFO">Successfully created browser with options: {"browser":"webkit","headless":false,"chromiumSandbox":false,"devtools":false,"handleSIGHUP":true,"handleSIGINT":true,"handleSIGTERM":true,"slowMo":0,"timeout":30000,"tracesDir":"/home/mdias/workspace/QAx/projects/walkdog-robot/logs/browser/traces/f6c34909-5651-47e2-af84-3d1fe0469947"}</msg>
<status status="PASS" starttime="20231029 23:36:44.868" endtime="20231029 23:36:45.723"/>
</kw>
<kw name="New Page" library="Browser">
<arg>https://walkdog.vercel.app</arg>
<tag>BrowserControl</tag>
<tag>Setter</tag>
<doc>Open a new Page.</doc>
<msg timestamp="20231029 23:36:47.023" level="INFO">Successfully initialized new page object and opened url: https://walkdog.vercel.app</msg>
<msg timestamp="20231029 23:36:47.023" level="INFO">No context was open. New context was automatically opened when this page is created.</msg>
<status status="PASS" starttime="20231029 23:36:45.724" endtime="20231029 23:36:47.023"/>
</kw>
<kw name="Wait For Elements State" library="Browser">
<arg>css=h1 &gt;&gt; text=Cuidado e diversão em cada passo</arg>
<arg>visible</arg>
<arg>5</arg>
<tag>PageContent</tag>
<tag>Wait</tag>
<doc>Waits for the element found by ``selector`` to satisfy state option.</doc>
<msg timestamp="20231029 23:36:47.112" level="INFO">Waited for Element with selector css=h1 &gt;&gt; text=Cuidado e diversão em cada passo at state visible</msg>
<status status="PASS" starttime="20231029 23:36:47.024" endtime="20231029 23:36:47.112"/>
</kw>
<status status="PASS" starttime="20231029 23:36:44.867" endtime="20231029 23:36:47.112"/>
</kw>
<kw name="Create Dictionary" library="BuiltIn">
<var>${dog_walker}</var>
<arg>name=Jose Eugênio</arg>
<arg>email=joseeugenio@gmail.com</arg>
<arg>cpf=00000014141</arg>
<arg>cep=04534011</arg>
<arg>street=Rua Joaquim Floriano</arg>
<arg>district=Itaim Bibi</arg>
<arg>city_uf=São Paulo/SP</arg>
<arg>number=1000</arg>
<arg>details=Apto 28</arg>
<arg>cnh=toretto.jpg</arg>
<doc>Creates and returns a dictionary based on the given ``items``.</doc>
<msg timestamp="20231029 23:36:47.113" level="INFO">${dog_walker} = {'name': 'Jose Eugênio', 'email': 'joseeugenio@gmail.com', 'cpf': '00000014141', 'cep': '04534011', 'street': 'Rua Joaquim Floriano', 'district': 'Itaim Bibi', 'city_uf': 'São Paulo/SP', 'number': '10...</msg>
<status status="PASS" starttime="20231029 23:36:47.112" endtime="20231029 23:36:47.113"/>
</kw>
<kw name="Go to signup page" library="signup">
<kw name="Click" library="Browser">
<arg>css=a[href="/signup"]</arg>
<tag>PageContent</tag>
<tag>Setter</tag>
<doc>Simulates mouse click on the element found by ``selector``.</doc>
<status status="PASS" starttime="20231029 23:36:47.114" endtime="20231029 23:36:47.229"/>
</kw>
<kw name="Wait For Elements State" library="Browser">
<arg>form h1</arg>
<arg>visible</arg>
<arg>timeout=5000</arg>
<tag>PageContent</tag>
<tag>Wait</tag>
<doc>Waits for the element found by ``selector`` to satisfy state option.</doc>
<msg timestamp="20231029 23:36:47.247" level="INFO">Waited for Element with selector form h1 at state visible</msg>
<status status="PASS" starttime="20231029 23:36:47.229" endtime="20231029 23:36:47.247"/>
</kw>
<kw name="Get Text" library="Browser">
<arg>form h1</arg>
<arg>equal</arg>
<arg>Faça seu cadastro</arg>
<tag>Assertion</tag>
<tag>Getter</tag>
<tag>PageContent</tag>
<doc>Returns text attribute of the element found by ``selector``.</doc>
<msg timestamp="20231029 23:36:47.301" level="INFO">Text: 'Faça seu cadastro'</msg>
<status status="PASS" starttime="20231029 23:36:47.248" endtime="20231029 23:36:47.302"/>
</kw>
<status status="PASS" starttime="20231029 23:36:47.113" endtime="20231029 23:36:47.302"/>
</kw>
<kw name="Fill signup form" library="signup">
<arg>${dog_walker}</arg>
<kw name="Fill Text" library="Browser">
<arg>css=input[name=name]</arg>
<arg>${dog_walker}[name]</arg>
<tag>PageContent</tag>
<tag>Setter</tag>
<doc>Clears and fills the given ``txt`` into the text field found by ``selector``.</doc>
<msg timestamp="20231029 23:36:47.303" level="INFO">Fills the text 'Jose Eugênio' in the given field.</msg>
<status status="PASS" starttime="20231029 23:36:47.302" endtime="20231029 23:36:47.340"/>
</kw>
<kw name="Fill Text" library="Browser">
<arg>css=input[name=email]</arg>
<arg>${dog_walker}[email]</arg>
<tag>PageContent</tag>
<tag>Setter</tag>
<doc>Clears and fills the given ``txt`` into the text field found by ``selector``.</doc>
<msg timestamp="20231029 23:36:47.341" level="INFO">Fills the text 'joseeugenio@gmail.com' in the given field.</msg>
<status status="PASS" starttime="20231029 23:36:47.340" endtime="20231029 23:36:47.372"/>
</kw>
<kw name="Fill Text" library="Browser">
<arg>css=input[name=cpf]</arg>
<arg>${dog_walker}[cpf]</arg>
<tag>PageContent</tag>
<tag>Setter</tag>
<doc>Clears and fills the given ``txt`` into the text field found by ``selector``.</doc>
<msg timestamp="20231029 23:36:47.373" level="INFO">Fills the text '00000014141' in the given field.</msg>
<status status="PASS" starttime="20231029 23:36:47.372" endtime="20231029 23:36:47.402"/>
</kw>
<kw name="Fill Text" library="Browser">
<arg>css=input[name=cep]</arg>
<arg>${dog_walker}[cep]</arg>
<tag>PageContent</tag>
<tag>Setter</tag>
<doc>Clears and fills the given ``txt`` into the text field found by ``selector``.</doc>
<msg timestamp="20231029 23:36:47.403" level="INFO">Fills the text '04534011' in the given field.</msg>
<status status="PASS" starttime="20231029 23:36:47.402" endtime="20231029 23:36:47.433"/>
</kw>
<kw name="Click" library="Browser">
<arg>css=input[type=button][value$=CEP]</arg>
<tag>PageContent</tag>
<tag>Setter</tag>
<doc>Simulates mouse click on the element found by ``selector``.</doc>
<status status="PASS" starttime="20231029 23:36:47.433" endtime="20231029 23:36:47.514"/>
</kw>
<kw name="Get Property" library="Browser">
<arg>css=input[name=addressStreet]</arg>
<arg>value</arg>
<arg>equal</arg>
<arg>${dog_walker}[street]</arg>
<tag>Assertion</tag>
<tag>Getter</tag>
<tag>PageContent</tag>
<doc>Returns the ``property`` of the element found by ``selector``.</doc>
<msg timestamp="20231029 23:36:47.989" level="INFO">Property: 'Rua Joaquim Floriano'</msg>
<status status="PASS" starttime="20231029 23:36:47.514" endtime="20231029 23:36:47.989"/>
</kw>
<kw name="Get Property" library="Browser">
<arg>css=input[name=addressDistrict]</arg>
<arg>value</arg>
<arg>equal</arg>
<arg>${dog_walker}[district]</arg>
<tag>Assertion</tag>
<tag>Getter</tag>
<tag>PageContent</tag>
<doc>Returns the ``property`` of the element found by ``selector``.</doc>
<msg timestamp="20231029 23:36:48.006" level="INFO">Property: 'Itaim Bibi'</msg>
<status status="PASS" starttime="20231029 23:36:47.990" endtime="20231029 23:36:48.007"/>
</kw>
<kw name="Get Property" library="Browser">
<arg>css=input[name=addressCityUf]</arg>
<arg>value</arg>
<arg>equal</arg>
<arg>${dog_walker}[city_uf]</arg>
<tag>Assertion</tag>
<tag>Getter</tag>
<tag>PageContent</tag>
<doc>Returns the ``property`` of the element found by ``selector``.</doc>
<msg timestamp="20231029 23:36:48.025" level="INFO">Property: 'São Paulo/SP'</msg>
<status status="PASS" starttime="20231029 23:36:48.007" endtime="20231029 23:36:48.025"/>
</kw>
<kw name="Fill Text" library="Browser">
<arg>css=input[name=addressNumber]</arg>
<arg>${dog_walker}[number]</arg>
<tag>PageContent</tag>
<tag>Setter</tag>
<doc>Clears and fills the given ``txt`` into the text field found by ``selector``.</doc>
<msg timestamp="20231029 23:36:48.026" level="INFO">Fills the text '1000' in the given field.</msg>
<status status="PASS" starttime="20231029 23:36:48.025" endtime="20231029 23:36:48.052"/>
</kw>
<kw name="Fill Text" library="Browser">
<arg>css=input[name=addressDetails]</arg>
<arg>${dog_walker}[details]</arg>
<tag>PageContent</tag>
<tag>Setter</tag>
<doc>Clears and fills the given ``txt`` into the text field found by ``selector``.</doc>
<msg timestamp="20231029 23:36:48.053" level="INFO">Fills the text 'Apto 28' in the given field.</msg>
<status status="PASS" starttime="20231029 23:36:48.052" endtime="20231029 23:36:48.081"/>
</kw>
<kw name="Upload File By Selector" library="Browser">
<arg>css=input[type="file"]</arg>
<arg>${EXECDIR}/resources/fixtures/${dog_walker}[cnh]</arg>
<tag>PageContent</tag>
<tag>Setter</tag>
<doc>Uploads file from `path` to file input element matched by selector.</doc>
<status status="PASS" starttime="20231029 23:36:48.081" endtime="20231029 23:36:48.129"/>
</kw>
<status status="PASS" starttime="20231029 23:36:47.302" endtime="20231029 23:36:48.129"/>
</kw>
<kw name="Submit signup form" library="signup">
<kw name="Click" library="Browser">
<arg>css=.button-register</arg>
<tag>PageContent</tag>
<tag>Setter</tag>
<doc>Simulates mouse click on the element found by ``selector``.</doc>
<status status="PASS" starttime="20231029 23:36:48.130" endtime="20231029 23:36:48.291"/>
</kw>
<status status="PASS" starttime="20231029 23:36:48.129" endtime="20231029 23:36:48.292"/>
</kw>
<kw name="Popup should be" library="signup">
<arg>Recebemos o seu cadastro e em breve retornaremos o contato.</arg>
<kw name="Wait For Elements State" library="Browser">
<arg>css=.swal2-html-container</arg>
<arg>visible</arg>
<arg>5</arg>
<tag>PageContent</tag>
<tag>Wait</tag>
<doc>Waits for the element found by ``selector`` to satisfy state option.</doc>
<msg timestamp="20231029 23:36:49.107" level="INFO">Waited for Element with selector css=.swal2-html-container at state visible</msg>
<status status="PASS" starttime="20231029 23:36:48.293" endtime="20231029 23:36:49.107"/>
</kw>
<kw name="Get Text" library="Browser">
<arg>css=.swal2-html-container</arg>
<arg>equal</arg>
<arg>${expected_text}</arg>
<tag>Assertion</tag>
<tag>Getter</tag>
<tag>PageContent</tag>
<doc>Returns text attribute of the element found by ``selector``.</doc>
<msg timestamp="20231029 23:36:49.147" level="INFO">Text: 'Recebemos o seu cadastro e em breve retornaremos o contato.'</msg>
<status status="PASS" starttime="20231029 23:36:49.108" endtime="20231029 23:36:49.147"/>
</kw>
<status status="PASS" starttime="20231029 23:36:48.292" endtime="20231029 23:36:49.148"/>
</kw>
<kw name="Finish session" library="base" type="TEARDOWN">
<kw name="Take Screenshot" library="Browser">
<arg>fullPage=True</arg>
<tag>PageContent</tag>
<doc>Takes a screenshot of the current window or element and saves it to disk.</doc>
<msg timestamp="20231029 23:36:49.517" level="INFO" html="true">&lt;/td&gt;&lt;/tr&gt;&lt;tr&gt;&lt;td colspan="3"&gt;&lt;a href="browser/screenshot/robotframework-browser-screenshot-1.png" target="_blank"&gt;&lt;img src="browser/screenshot/robotframework-browser-screenshot-1.png" width="800px"/&gt;&lt;/a&gt;</msg>
<status status="PASS" starttime="20231029 23:36:49.149" endtime="20231029 23:36:49.517"/>
</kw>
<status status="PASS" starttime="20231029 23:36:49.148" endtime="20231029 23:36:49.518"/>
</kw>
<tag>smoke</tag>
<status status="PASS" starttime="20231029 23:36:44.862" endtime="20231029 23:36:49.518"/>
</test>
<test id="s1-t2" name="Não deve cadastrar se os campos obrigatórios não forem preenchidos" line="30">
<kw name="Start session" library="base" type="SETUP">
<kw name="New Browser" library="Browser">
<arg>browser=${BROWSER}</arg>
<arg>headless=False</arg>
<tag>BrowserControl</tag>
<tag>Setter</tag>
<doc>Create a new playwright Browser with specified options.</doc>
<msg timestamp="20231029 23:36:49.633" level="INFO">Switching browser to browser=466b7275-a46e-43eb-856e-e26c15f9c782</msg>
<msg timestamp="20231029 23:36:49.635" level="INFO">Successfully changed active browser: browser=466b7275-a46e-43eb-856e-e26c15f9c782</msg>
<msg timestamp="20231029 23:36:49.635" level="INFO">Reusing existing browser with id: browser=466b7275-a46e-43eb-856e-e26c15f9c782</msg>
<status status="PASS" starttime="20231029 23:36:49.632" endtime="20231029 23:36:49.635"/>
</kw>
<kw name="New Page" library="Browser">
<arg>https://walkdog.vercel.app</arg>
<tag>BrowserControl</tag>
<tag>Setter</tag>
<doc>Open a new Page.</doc>
<msg timestamp="20231029 23:36:50.485" level="INFO">Successfully initialized new page object and opened url: https://walkdog.vercel.app</msg>
<msg timestamp="20231029 23:36:50.485" level="INFO">No context was open. New context was automatically opened when this page is created.</msg>
<status status="PASS" starttime="20231029 23:36:49.635" endtime="20231029 23:36:50.485"/>
</kw>
<kw name="Wait For Elements State" library="Browser">
<arg>css=h1 &gt;&gt; text=Cuidado e diversão em cada passo</arg>
<arg>visible</arg>
<arg>5</arg>
<tag>PageContent</tag>
<tag>Wait</tag>
<doc>Waits for the element found by ``selector`` to satisfy state option.</doc>
<msg timestamp="20231029 23:36:50.556" level="INFO">Waited for Element with selector css=h1 &gt;&gt; text=Cuidado e diversão em cada passo at state visible</msg>
<status status="PASS" starttime="20231029 23:36:50.485" endtime="20231029 23:36:50.556"/>
</kw>
<status status="PASS" starttime="20231029 23:36:49.632" endtime="20231029 23:36:50.556"/>
</kw>
<kw name="Go to signup page" library="signup">
<kw name="Click" library="Browser">
<arg>css=a[href="/signup"]</arg>
<tag>PageContent</tag>
<tag>Setter</tag>
<doc>Simulates mouse click on the element found by ``selector``.</doc>
<status status="PASS" starttime="20231029 23:36:50.557" endtime="20231029 23:36:50.666"/>
</kw>
<kw name="Wait For Elements State" library="Browser">
<arg>form h1</arg>
<arg>visible</arg>
<arg>timeout=5000</arg>
<tag>PageContent</tag>
<tag>Wait</tag>
<doc>Waits for the element found by ``selector`` to satisfy state option.</doc>
<msg timestamp="20231029 23:36:50.676" level="INFO">Waited for Element with selector form h1 at state visible</msg>
<status status="PASS" starttime="20231029 23:36:50.666" endtime="20231029 23:36:50.676"/>
</kw>
<kw name="Get Text" library="Browser">
<arg>form h1</arg>
<arg>equal</arg>
<arg>Faça seu cadastro</arg>
<tag>Assertion</tag>
<tag>Getter</tag>
<tag>PageContent</tag>
<doc>Returns text attribute of the element found by ``selector``.</doc>
<msg timestamp="20231029 23:36:50.729" level="INFO">Text: 'Faça seu cadastro'</msg>
<status status="PASS" starttime="20231029 23:36:50.677" endtime="20231029 23:36:50.729"/>
</kw>
<status status="PASS" starttime="20231029 23:36:50.557" endtime="20231029 23:36:50.729"/>
</kw>
<kw name="Submit signup form" library="signup">
<kw name="Click" library="Browser">
<arg>css=.button-register</arg>
<tag>PageContent</tag>
<tag>Setter</tag>
<doc>Simulates mouse click on the element found by ``selector``.</doc>
<status status="PASS" starttime="20231029 23:36:50.730" endtime="20231029 23:36:50.870"/>
</kw>
<status status="PASS" starttime="20231029 23:36:50.730" endtime="20231029 23:36:50.870"/>
</kw>
<kw name="Alert should be" library="signup">
<arg>Informe o seu nome completo</arg>
<kw name="Wait For Elements State" library="Browser">
<arg>css=.alert-error &gt;&gt; text=${expected_text}</arg>
<arg>visible</arg>
<arg>5</arg>
<tag>PageContent</tag>
<tag>Wait</tag>
<doc>Waits for the element found by ``selector`` to satisfy state option.</doc>
<msg timestamp="20231029 23:36:50.891" level="INFO">Waited for Element with selector css=.alert-error &gt;&gt; text=Informe o seu nome completo at state visible</msg>
<status status="PASS" starttime="20231029 23:36:50.871" endtime="20231029 23:36:50.892"/>
</kw>
<status status="PASS" starttime="20231029 23:36:50.871" endtime="20231029 23:36:50.892"/>
</kw>
<kw name="Alert should be" library="signup">
<arg>Informe o seu melhor email</arg>
<kw name="Wait For Elements State" library="Browser">
<arg>css=.alert-error &gt;&gt; text=${expected_text}</arg>
<arg>visible</arg>
<arg>5</arg>
<tag>PageContent</tag>
<tag>Wait</tag>
<doc>Waits for the element found by ``selector`` to satisfy state option.</doc>
<msg timestamp="20231029 23:36:50.902" level="INFO">Waited for Element with selector css=.alert-error &gt;&gt; text=Informe o seu melhor email at state visible</msg>
<status status="PASS" starttime="20231029 23:36:50.893" endtime="20231029 23:36:50.902"/>
</kw>
<status status="PASS" starttime="20231029 23:36:50.892" endtime="20231029 23:36:50.903"/>
</kw>
<kw name="Alert should be" library="signup">
<arg>Informe o seu CPF</arg>
<kw name="Wait For Elements State" library="Browser">
<arg>css=.alert-error &gt;&gt; text=${expected_text}</arg>
<arg>visible</arg>
<arg>5</arg>
<tag>PageContent</tag>
<tag>Wait</tag>
<doc>Waits for the element found by ``selector`` to satisfy state option.</doc>
<msg timestamp="20231029 23:36:50.917" level="INFO">Waited for Element with selector css=.alert-error &gt;&gt; text=Informe o seu CPF at state visible</msg>
<status status="PASS" starttime="20231029 23:36:50.904" endtime="20231029 23:36:50.918"/>
</kw>
<status status="PASS" starttime="20231029 23:36:50.903" endtime="20231029 23:36:50.918"/>
</kw>
<kw name="Alert should be" library="signup">
<arg>Informe o seu CEP</arg>
<kw name="Wait For Elements State" library="Browser">
<arg>css=.alert-error &gt;&gt; text=${expected_text}</arg>
<arg>visible</arg>
<arg>5</arg>
<tag>PageContent</tag>
<tag>Wait</tag>
<doc>Waits for the element found by ``selector`` to satisfy state option.</doc>
<msg timestamp="20231029 23:36:50.930" level="INFO">Waited for Element with selector css=.alert-error &gt;&gt; text=Informe o seu CEP at state visible</msg>
<status status="PASS" starttime="20231029 23:36:50.919" endtime="20231029 23:36:50.930"/>
</kw>
<status status="PASS" starttime="20231029 23:36:50.918" endtime="20231029 23:36:50.930"/>
</kw>
<kw name="Alert should be" library="signup">
<arg>Informe um número maior que zero</arg>
<kw name="Wait For Elements State" library="Browser">
<arg>css=.alert-error &gt;&gt; text=${expected_text}</arg>
<arg>visible</arg>
<arg>5</arg>
<tag>PageContent</tag>
<tag>Wait</tag>
<doc>Waits for the element found by ``selector`` to satisfy state option.</doc>
<msg timestamp="20231029 23:36:50.940" level="INFO">Waited for Element with selector css=.alert-error &gt;&gt; text=Informe um número maior que zero at state visible</msg>
<status status="PASS" starttime="20231029 23:36:50.931" endtime="20231029 23:36:50.940"/>
</kw>
<status status="PASS" starttime="20231029 23:36:50.930" endtime="20231029 23:36:50.940"/>
</kw>
<kw name="Alert should be" library="signup">
<arg>Adcione um documento com foto (RG ou CHN)</arg>
<kw name="Wait For Elements State" library="Browser">
<arg>css=.alert-error &gt;&gt; text=${expected_text}</arg>
<arg>visible</arg>
<arg>5</arg>
<tag>PageContent</tag>
<tag>Wait</tag>
<doc>Waits for the element found by ``selector`` to satisfy state option.</doc>
<msg timestamp="20231029 23:36:50.949" level="INFO">Waited for Element with selector css=.alert-error &gt;&gt; text=Adcione um documento com foto (RG ou CHN) at state visible</msg>
<status status="PASS" starttime="20231029 23:36:50.941" endtime="20231029 23:36:50.949"/>
</kw>
<status status="PASS" starttime="20231029 23:36:50.941" endtime="20231029 23:36:50.949"/>
</kw>
<kw name="Finish session" library="base" type="TEARDOWN">
<kw name="Take Screenshot" library="Browser">
<arg>fullPage=True</arg>
<tag>PageContent</tag>
<doc>Takes a screenshot of the current window or element and saves it to disk.</doc>
<msg timestamp="20231029 23:36:51.179" level="INFO" html="true">&lt;/td&gt;&lt;/tr&gt;&lt;tr&gt;&lt;td colspan="3"&gt;&lt;a href="browser/screenshot/robotframework-browser-screenshot-2.png" target="_blank"&gt;&lt;img src="browser/screenshot/robotframework-browser-screenshot-2.png" width="800px"/&gt;&lt;/a&gt;</msg>
<status status="PASS" starttime="20231029 23:36:50.950" endtime="20231029 23:36:51.179"/>
</kw>
<status status="PASS" starttime="20231029 23:36:50.950" endtime="20231029 23:36:51.180"/>
</kw>
<tag>required</tag>
<status status="PASS" starttime="20231029 23:36:49.629" endtime="20231029 23:36:51.180"/>
</test>
<test id="s1-t3" name="Não deve cadastrar se o cpf for incorreto" line="43">
<kw name="Start session" library="base" type="SETUP">
<kw name="New Browser" library="Browser">
<arg>browser=${BROWSER}</arg>
<arg>headless=False</arg>
<tag>BrowserControl</tag>
<tag>Setter</tag>
<doc>Create a new playwright Browser with specified options.</doc>
<msg timestamp="20231029 23:36:51.254" level="INFO">Switching browser to browser=466b7275-a46e-43eb-856e-e26c15f9c782</msg>
<msg timestamp="20231029 23:36:51.256" level="INFO">Successfully changed active browser: browser=466b7275-a46e-43eb-856e-e26c15f9c782</msg>
<msg timestamp="20231029 23:36:51.256" level="INFO">Reusing existing browser with id: browser=466b7275-a46e-43eb-856e-e26c15f9c782</msg>
<status status="PASS" starttime="20231029 23:36:51.254" endtime="20231029 23:36:51.256"/>
</kw>
<kw name="New Page" library="Browser">
<arg>https://walkdog.vercel.app</arg>
<tag>BrowserControl</tag>
<tag>Setter</tag>
<doc>Open a new Page.</doc>
<msg timestamp="20231029 23:36:52.102" level="INFO">Successfully initialized new page object and opened url: https://walkdog.vercel.app</msg>
<msg timestamp="20231029 23:36:52.102" level="INFO">No context was open. New context was automatically opened when this page is created.</msg>
<status status="PASS" starttime="20231029 23:36:51.257" endtime="20231029 23:36:52.103"/>
</kw>
<kw name="Wait For Elements State" library="Browser">
<arg>css=h1 &gt;&gt; text=Cuidado e diversão em cada passo</arg>
<arg>visible</arg>
<arg>5</arg>
<tag>PageContent</tag>
<tag>Wait</tag>
<doc>Waits for the element found by ``selector`` to satisfy state option.</doc>
<msg timestamp="20231029 23:36:52.171" level="INFO">Waited for Element with selector css=h1 &gt;&gt; text=Cuidado e diversão em cada passo at state visible</msg>
<status status="PASS" starttime="20231029 23:36:52.103" endtime="20231029 23:36:52.171"/>
</kw>
<status status="PASS" starttime="20231029 23:36:51.253" endtime="20231029 23:36:52.171"/>
</kw>
<kw name="Create Dictionary" library="BuiltIn">
<var>${dog_walker}</var>
<arg>name=Jose Eugênio</arg>
<arg>email=joseeugenio@gmail.com</arg>
<arg>cpf=000000141aa</arg>
<arg>cep=04534011</arg>
<arg>street=Rua Joaquim Floriano</arg>
<arg>district=Itaim Bibi</arg>
<arg>city_uf=São Paulo/SP</arg>
<arg>number=1000</arg>
<arg>details=Apto 28</arg>
<arg>cnh=toretto.jpg</arg>
<doc>Creates and returns a dictionary based on the given ``items``.</doc>
<msg timestamp="20231029 23:36:52.173" level="INFO">${dog_walker} = {'name': 'Jose Eugênio', 'email': 'joseeugenio@gmail.com', 'cpf': '000000141aa', 'cep': '04534011', 'street': 'Rua Joaquim Floriano', 'district': 'Itaim Bibi', 'city_uf': 'São Paulo/SP', 'number': '10...</msg>
<status status="PASS" starttime="20231029 23:36:52.172" endtime="20231029 23:36:52.173"/>
</kw>
<kw name="Go to signup page" library="signup">
<kw name="Click" library="Browser">
<arg>css=a[href="/signup"]</arg>
<tag>PageContent</tag>
<tag>Setter</tag>
<doc>Simulates mouse click on the element found by ``selector``.</doc>
<status status="PASS" starttime="20231029 23:36:52.174" endtime="20231029 23:36:52.289"/>
</kw>
<kw name="Wait For Elements State" library="Browser">
<arg>form h1</arg>
<arg>visible</arg>
<arg>timeout=5000</arg>
<tag>PageContent</tag>
<tag>Wait</tag>
<doc>Waits for the element found by ``selector`` to satisfy state option.</doc>
<msg timestamp="20231029 23:36:52.308" level="INFO">Waited for Element with selector form h1 at state visible</msg>
<status status="PASS" starttime="20231029 23:36:52.289" endtime="20231029 23:36:52.308"/>
</kw>
<kw name="Get Text" library="Browser">
<arg>form h1</arg>
<arg>equal</arg>
<arg>Faça seu cadastro</arg>
<tag>Assertion</tag>
<tag>Getter</tag>
<tag>PageContent</tag>
<doc>Returns text attribute of the element found by ``selector``.</doc>
<msg timestamp="20231029 23:36:52.345" level="INFO">Text: 'Faça seu cadastro'</msg>
<status status="PASS" starttime="20231029 23:36:52.308" endtime="20231029 23:36:52.345"/>
</kw>
<status status="PASS" starttime="20231029 23:36:52.174" endtime="20231029 23:36:52.345"/>
</kw>
<kw name="Fill signup form" library="signup">
<arg>${dog_walker}</arg>
<kw name="Fill Text" library="Browser">
<arg>css=input[name=name]</arg>
<arg>${dog_walker}[name]</arg>
<tag>PageContent</tag>
<tag>Setter</tag>
<doc>Clears and fills the given ``txt`` into the text field found by ``selector``.</doc>
<msg timestamp="20231029 23:36:52.346" level="INFO">Fills the text 'Jose Eugênio' in the given field.</msg>
<status status="PASS" starttime="20231029 23:36:52.346" endtime="20231029 23:36:52.389"/>
</kw>
<kw name="Fill Text" library="Browser">
<arg>css=input[name=email]</arg>
<arg>${dog_walker}[email]</arg>
<tag>PageContent</tag>
<tag>Setter</tag>
<doc>Clears and fills the given ``txt`` into the text field found by ``selector``.</doc>
<msg timestamp="20231029 23:36:52.389" level="INFO">Fills the text 'joseeugenio@gmail.com' in the given field.</msg>
<status status="PASS" starttime="20231029 23:36:52.389" endtime="20231029 23:36:52.420"/>
</kw>
<kw name="Fill Text" library="Browser">
<arg>css=input[name=cpf]</arg>
<arg>${dog_walker}[cpf]</arg>
<tag>PageContent</tag>
<tag>Setter</tag>
<doc>Clears and fills the given ``txt`` into the text field found by ``selector``.</doc>
<msg timestamp="20231029 23:36:52.421" level="INFO">Fills the text '000000141aa' in the given field.</msg>
<status status="PASS" starttime="20231029 23:36:52.421" endtime="20231029 23:36:52.450"/>
</kw>
<kw name="Fill Text" library="Browser">
<arg>css=input[name=cep]</arg>
<arg>${dog_walker}[cep]</arg>
<tag>PageContent</tag>
<tag>Setter</tag>
<doc>Clears and fills the given ``txt`` into the text field found by ``selector``.</doc>
<msg timestamp="20231029 23:36:52.450" level="INFO">Fills the text '04534011' in the given field.</msg>
<status status="PASS" starttime="20231029 23:36:52.450" endtime="20231029 23:36:52.480"/>
</kw>
<kw name="Click" library="Browser">
<arg>css=input[type=button][value$=CEP]</arg>
<tag>PageContent</tag>
<tag>Setter</tag>
<doc>Simulates mouse click on the element found by ``selector``.</doc>
<status status="PASS" starttime="20231029 23:36:52.480" endtime="20231029 23:36:52.545"/>
</kw>
<kw name="Get Property" library="Browser">
<arg>css=input[name=addressStreet]</arg>
<arg>value</arg>
<arg>equal</arg>
<arg>${dog_walker}[street]</arg>
<tag>Assertion</tag>
<tag>Getter</tag>
<tag>PageContent</tag>
<doc>Returns the ``property`` of the element found by ``selector``.</doc>
<msg timestamp="20231029 23:36:52.984" level="INFO">Property: 'Rua Joaquim Floriano'</msg>
<status status="PASS" starttime="20231029 23:36:52.546" endtime="20231029 23:36:52.984"/>
</kw>
<kw name="Get Property" library="Browser">
<arg>css=input[name=addressDistrict]</arg>
<arg>value</arg>
<arg>equal</arg>
<arg>${dog_walker}[district]</arg>
<tag>Assertion</tag>
<tag>Getter</tag>
<tag>PageContent</tag>
<doc>Returns the ``property`` of the element found by ``selector``.</doc>
<msg timestamp="20231029 23:36:53.004" level="INFO">Property: 'Itaim Bibi'</msg>
<status status="PASS" starttime="20231029 23:36:52.984" endtime="20231029 23:36:53.004"/>
</kw>
<kw name="Get Property" library="Browser">
<arg>css=input[name=addressCityUf]</arg>
<arg>value</arg>
<arg>equal</arg>
<arg>${dog_walker}[city_uf]</arg>
<tag>Assertion</tag>
<tag>Getter</tag>
<tag>PageContent</tag>
<doc>Returns the ``property`` of the element found by ``selector``.</doc>
<msg timestamp="20231029 23:36:53.022" level="INFO">Property: 'São Paulo/SP'</msg>
<status status="PASS" starttime="20231029 23:36:53.005" endtime="20231029 23:36:53.022"/>
</kw>
<kw name="Fill Text" library="Browser">
<arg>css=input[name=addressNumber]</arg>
<arg>${dog_walker}[number]</arg>
<tag>PageContent</tag>
<tag>Setter</tag>
<doc>Clears and fills the given ``txt`` into the text field found by ``selector``.</doc>
<msg timestamp="20231029 23:36:53.023" level="INFO">Fills the text '1000' in the given field.</msg>
<status status="PASS" starttime="20231029 23:36:53.023" endtime="20231029 23:36:53.053"/>
</kw>
<kw name="Fill Text" library="Browser">
<arg>css=input[name=addressDetails]</arg>
<arg>${dog_walker}[details]</arg>
<tag>PageContent</tag>
<tag>Setter</tag>
<doc>Clears and fills the given ``txt`` into the text field found by ``selector``.</doc>
<msg timestamp="20231029 23:36:53.054" level="INFO">Fills the text 'Apto 28' in the given field.</msg>
<status status="PASS" starttime="20231029 23:36:53.053" endtime="20231029 23:36:53.084"/>
</kw>
<kw name="Upload File By Selector" library="Browser">
<arg>css=input[type="file"]</arg>
<arg>${EXECDIR}/resources/fixtures/${dog_walker}[cnh]</arg>
<tag>PageContent</tag>
<tag>Setter</tag>
<doc>Uploads file from `path` to file input element matched by selector.</doc>
<status status="PASS" starttime="20231029 23:36:53.085" endtime="20231029 23:36:53.127"/>
</kw>
<status status="PASS" starttime="20231029 23:36:52.346" endtime="20231029 23:36:53.128"/>
</kw>
<kw name="Submit signup form" library="signup">
<kw name="Click" library="Browser">
<arg>css=.button-register</arg>
<tag>PageContent</tag>
<tag>Setter</tag>
<doc>Simulates mouse click on the element found by ``selector``.</doc>
<status status="PASS" starttime="20231029 23:36:53.128" endtime="20231029 23:36:53.323"/>
</kw>
<status status="PASS" starttime="20231029 23:36:53.128" endtime="20231029 23:36:53.324"/>
</kw>
<kw name="Alert should be" library="signup">
<arg>CPF inválido</arg>
<kw name="Wait For Elements State" library="Browser">
<arg>css=.alert-error &gt;&gt; text=${expected_text}</arg>
<arg>visible</arg>
<arg>5</arg>
<tag>PageContent</tag>
<tag>Wait</tag>
<doc>Waits for the element found by ``selector`` to satisfy state option.</doc>
<msg timestamp="20231029 23:36:53.337" level="INFO">Waited for Element with selector css=.alert-error &gt;&gt; text=CPF inválido at state visible</msg>
<status status="PASS" starttime="20231029 23:36:53.325" endtime="20231029 23:36:53.337"/>
</kw>
<status status="PASS" starttime="20231029 23:36:53.324" endtime="20231029 23:36:53.337"/>
</kw>
<kw name="Finish session" library="base" type="TEARDOWN">
<kw name="Take Screenshot" library="Browser">
<arg>fullPage=True</arg>
<tag>PageContent</tag>
<doc>Takes a screenshot of the current window or element and saves it to disk.</doc>
<msg timestamp="20231029 23:36:53.718" level="INFO" html="true">&lt;/td&gt;&lt;/tr&gt;&lt;tr&gt;&lt;td colspan="3"&gt;&lt;a href="browser/screenshot/robotframework-browser-screenshot-3.png" target="_blank"&gt;&lt;img src="browser/screenshot/robotframework-browser-screenshot-3.png" width="800px"/&gt;&lt;/a&gt;</msg>
<status status="PASS" starttime="20231029 23:36:53.339" endtime="20231029 23:36:53.719"/>
</kw>
<status status="PASS" starttime="20231029 23:36:53.338" endtime="20231029 23:36:53.719"/>
</kw>
<tag>cpf_inv</tag>
<status status="PASS" starttime="20231029 23:36:51.249" endtime="20231029 23:36:53.719"/>
</test>
<test id="s1-t4" name="Deve poder cadastrar um novo dog walker que sabe cuidar de pets" line="63">
<kw name="Start session" library="base" type="SETUP">
<kw name="New Browser" library="Browser">
<arg>browser=${BROWSER}</arg>
<arg>headless=False</arg>
<tag>BrowserControl</tag>
<tag>Setter</tag>
<doc>Create a new playwright Browser with specified options.</doc>
<msg timestamp="20231029 23:36:53.811" level="INFO">Switching browser to browser=466b7275-a46e-43eb-856e-e26c15f9c782</msg>
<msg timestamp="20231029 23:36:53.814" level="INFO">Successfully changed active browser: browser=466b7275-a46e-43eb-856e-e26c15f9c782</msg>
<msg timestamp="20231029 23:36:53.814" level="INFO">Reusing existing browser with id: browser=466b7275-a46e-43eb-856e-e26c15f9c782</msg>
<status status="PASS" starttime="20231029 23:36:53.810" endtime="20231029 23:36:53.815"/>
</kw>
<kw name="New Page" library="Browser">
<arg>https://walkdog.vercel.app</arg>
<tag>BrowserControl</tag>
<tag>Setter</tag>
<doc>Open a new Page.</doc>
<msg timestamp="20231029 23:36:54.625" level="INFO">Successfully initialized new page object and opened url: https://walkdog.vercel.app</msg>
<msg timestamp="20231029 23:36:54.625" level="INFO">No context was open. New context was automatically opened when this page is created.</msg>
<status status="PASS" starttime="20231029 23:36:53.815" endtime="20231029 23:36:54.626"/>
</kw>
<kw name="Wait For Elements State" library="Browser">
<arg>css=h1 &gt;&gt; text=Cuidado e diversão em cada passo</arg>
<arg>visible</arg>
<arg>5</arg>
<tag>PageContent</tag>
<tag>Wait</tag>
<doc>Waits for the element found by ``selector`` to satisfy state option.</doc>
<msg timestamp="20231029 23:36:54.719" level="INFO">Waited for Element with selector css=h1 &gt;&gt; text=Cuidado e diversão em cada passo at state visible</msg>
<status status="PASS" starttime="20231029 23:36:54.626" endtime="20231029 23:36:54.719"/>
</kw>
<status status="PASS" starttime="20231029 23:36:53.810" endtime="20231029 23:36:54.720"/>
</kw>
<kw name="Create Dictionary" library="BuiltIn">
<var>${dog_walker}</var>
<arg>name=Dominic Toretto</arg>
<arg>email=toretto@gmail.com</arg>
<arg>cpf=00000014141</arg>
<arg>cep=04534011</arg>
<arg>street=Rua Joaquim Floriano</arg>
<arg>district=Itaim Bibi</arg>
<arg>city_uf=São Paulo/SP</arg>
<arg>number=1000</arg>
<arg>details=Apto 28</arg>
<arg>cnh=toretto.jpg</arg>
<doc>Creates and returns a dictionary based on the given ``items``.</doc>
<msg timestamp="20231029 23:36:54.720" level="INFO">${dog_walker} = {'name': 'Dominic Toretto', 'email': 'toretto@gmail.com', 'cpf': '00000014141', 'cep': '04534011', 'street': 'Rua Joaquim Floriano', 'district': 'Itaim Bibi', 'city_uf': 'São Paulo/SP', 'number': '100...</msg>
<status status="PASS" starttime="20231029 23:36:54.720" endtime="20231029 23:36:54.720"/>
</kw>
<kw name="Go to signup page" library="signup">
<kw name="Click" library="Browser">
<arg>css=a[href="/signup"]</arg>
<tag>PageContent</tag>
<tag>Setter</tag>
<doc>Simulates mouse click on the element found by ``selector``.</doc>
<status status="PASS" starttime="20231029 23:36:54.721" endtime="20231029 23:36:54.838"/>
</kw>
<kw name="Wait For Elements State" library="Browser">
<arg>form h1</arg>
<arg>visible</arg>
<arg>timeout=5000</arg>
<tag>PageContent</tag>
<tag>Wait</tag>
<doc>Waits for the element found by ``selector`` to satisfy state option.</doc>
<msg timestamp="20231029 23:36:54.852" level="INFO">Waited for Element with selector form h1 at state visible</msg>
<status status="PASS" starttime="20231029 23:36:54.839" endtime="20231029 23:36:54.852"/>
</kw>
<kw name="Get Text" library="Browser">
<arg>form h1</arg>
<arg>equal</arg>
<arg>Faça seu cadastro</arg>
<tag>Assertion</tag>
<tag>Getter</tag>
<tag>PageContent</tag>
<doc>Returns text attribute of the element found by ``selector``.</doc>
<msg timestamp="20231029 23:36:54.912" level="INFO">Text: 'Faça seu cadastro'</msg>
<status status="PASS" starttime="20231029 23:36:54.853" endtime="20231029 23:36:54.912"/>
</kw>
<status status="PASS" starttime="20231029 23:36:54.721" endtime="20231029 23:36:54.912"/>
</kw>
<kw name="Fill signup form" library="signup">
<arg>${dog_walker}</arg>
<kw name="Fill Text" library="Browser">
<arg>css=input[name=name]</arg>
<arg>${dog_walker}[name]</arg>
<tag>PageContent</tag>
<tag>Setter</tag>
<doc>Clears and fills the given ``txt`` into the text field found by ``selector``.</doc>
<msg timestamp="20231029 23:36:54.914" level="INFO">Fills the text 'Dominic Toretto' in the given field.</msg>
<status status="PASS" starttime="20231029 23:36:54.913" endtime="20231029 23:36:54.946"/>
</kw>
<kw name="Fill Text" library="Browser">
<arg>css=input[name=email]</arg>
<arg>${dog_walker}[email]</arg>
<tag>PageContent</tag>
<tag>Setter</tag>
<doc>Clears and fills the given ``txt`` into the text field found by ``selector``.</doc>
<msg timestamp="20231029 23:36:54.946" level="INFO">Fills the text 'toretto@gmail.com' in the given field.</msg>
<status status="PASS" starttime="20231029 23:36:54.946" endtime="20231029 23:36:54.976"/>
</kw>
<kw name="Fill Text" library="Browser">
<arg>css=input[name=cpf]</arg>
<arg>${dog_walker}[cpf]</arg>
<tag>PageContent</tag>
<tag>Setter</tag>
<doc>Clears and fills the given ``txt`` into the text field found by ``selector``.</doc>
<msg timestamp="20231029 23:36:54.977" level="INFO">Fills the text '00000014141' in the given field.</msg>
<status status="PASS" starttime="20231029 23:36:54.976" endtime="20231029 23:36:55.009"/>
</kw>
<kw name="Fill Text" library="Browser">
<arg>css=input[name=cep]</arg>
<arg>${dog_walker}[cep]</arg>
<tag>PageContent</tag>
<tag>Setter</tag>
<doc>Clears and fills the given ``txt`` into the text field found by ``selector``.</doc>
<msg timestamp="20231029 23:36:55.010" level="INFO">Fills the text '04534011' in the given field.</msg>
<status status="PASS" starttime="20231029 23:36:55.009" endtime="20231029 23:36:55.039"/>
</kw>
<kw name="Click" library="Browser">
<arg>css=input[type=button][value$=CEP]</arg>
<tag>PageContent</tag>
<tag>Setter</tag>
<doc>Simulates mouse click on the element found by ``selector``.</doc>
<status status="PASS" starttime="20231029 23:36:55.039" endtime="20231029 23:36:55.111"/>
</kw>
<kw name="Get Property" library="Browser">
<arg>css=input[name=addressStreet]</arg>
<arg>value</arg>
<arg>equal</arg>
<arg>${dog_walker}[street]</arg>
<tag>Assertion</tag>
<tag>Getter</tag>
<tag>PageContent</tag>
<doc>Returns the ``property`` of the element found by ``selector``.</doc>
<msg timestamp="20231029 23:36:55.560" level="INFO">Property: 'Rua Joaquim Floriano'</msg>
<status status="PASS" starttime="20231029 23:36:55.112" endtime="20231029 23:36:55.560"/>
</kw>
<kw name="Get Property" library="Browser">
<arg>css=input[name=addressDistrict]</arg>
<arg>value</arg>
<arg>equal</arg>
<arg>${dog_walker}[district]</arg>
<tag>Assertion</tag>
<tag>Getter</tag>
<tag>PageContent</tag>
<doc>Returns the ``property`` of the element found by ``selector``.</doc>
<msg timestamp="20231029 23:36:55.576" level="INFO">Property: 'Itaim Bibi'</msg>
<status status="PASS" starttime="20231029 23:36:55.560" endtime="20231029 23:36:55.576"/>
</kw>
<kw name="Get Property" library="Browser">
<arg>css=input[name=addressCityUf]</arg>
<arg>value</arg>
<arg>equal</arg>
<arg>${dog_walker}[city_uf]</arg>
<tag>Assertion</tag>
<tag>Getter</tag>
<tag>PageContent</tag>
<doc>Returns the ``property`` of the element found by ``selector``.</doc>
<msg timestamp="20231029 23:36:55.593" level="INFO">Property: 'São Paulo/SP'</msg>
<status status="PASS" starttime="20231029 23:36:55.576" endtime="20231029 23:36:55.594"/>
</kw>
<kw name="Fill Text" library="Browser">
<arg>css=input[name=addressNumber]</arg>
<arg>${dog_walker}[number]</arg>
<tag>PageContent</tag>
<tag>Setter</tag>
<doc>Clears and fills the given ``txt`` into the text field found by ``selector``.</doc>
<msg timestamp="20231029 23:36:55.595" level="INFO">Fills the text '1000' in the given field.</msg>
<status status="PASS" starttime="20231029 23:36:55.594" endtime="20231029 23:36:55.624"/>
</kw>
<kw name="Fill Text" library="Browser">
<arg>css=input[name=addressDetails]</arg>
<arg>${dog_walker}[details]</arg>
<tag>PageContent</tag>
<tag>Setter</tag>
<doc>Clears and fills the given ``txt`` into the text field found by ``selector``.</doc>
<msg timestamp="20231029 23:36:55.625" level="INFO">Fills the text 'Apto 28' in the given field.</msg>
<status status="PASS" starttime="20231029 23:36:55.625" endtime="20231029 23:36:55.658"/>
</kw>
<kw name="Upload File By Selector" library="Browser">
<arg>css=input[type="file"]</arg>
<arg>${EXECDIR}/resources/fixtures/${dog_walker}[cnh]</arg>
<tag>PageContent</tag>
<tag>Setter</tag>
<doc>Uploads file from `path` to file input element matched by selector.</doc>
<status status="PASS" starttime="20231029 23:36:55.658" endtime="20231029 23:36:55.700"/>
</kw>
<status status="PASS" starttime="20231029 23:36:54.913" endtime="20231029 23:36:55.700"/>
</kw>
<kw name="Additional Service" library="signup">
<arg>Cuidar</arg>
<kw name="Click" library="Browser">
<arg>xpath=//span[text()="${additional_service}"]/..</arg>
<tag>PageContent</tag>
<tag>Setter</tag>
<doc>Simulates mouse click on the element found by ``selector``.</doc>
<status status="PASS" starttime="20231029 23:36:55.702" endtime="20231029 23:36:55.865"/>
</kw>
<kw name="Take Screenshot" library="Browser">
<arg>selector=//span[text()="${additional_service}"]/..</arg>
<tag>PageContent</tag>
<doc>Takes a screenshot of the current window or element and saves it to disk.</doc>
<msg timestamp="20231029 23:36:55.973" level="INFO" html="true">&lt;/td&gt;&lt;/tr&gt;&lt;tr&gt;&lt;td colspan="3"&gt;&lt;a href="browser/screenshot/robotframework-browser-screenshot-4.png" target="_blank"&gt;&lt;img src="browser/screenshot/robotframework-browser-screenshot-4.png" width="800px"/&gt;&lt;/a&gt;</msg>
<status status="PASS" starttime="20231029 23:36:55.866" endtime="20231029 23:36:55.973"/>
</kw>
<status status="PASS" starttime="20231029 23:36:55.701" endtime="20231029 23:36:55.974"/>
</kw>
<kw name="Submit signup form" library="signup">
<kw name="Click" library="Browser">
<arg>css=.button-register</arg>
<tag>PageContent</tag>
<tag>Setter</tag>
<doc>Simulates mouse click on the element found by ``selector``.</doc>
<status status="PASS" starttime="20231029 23:36:55.974" endtime="20231029 23:36:56.107"/>
</kw>
<status status="PASS" starttime="20231029 23:36:55.974" endtime="20231029 23:36:56.108"/>
</kw>
<kw name="Popup should be" library="signup">
<arg>Recebemos o seu cadastro e em breve retornaremos o contato.</arg>
<kw name="Wait For Elements State" library="Browser">
<arg>css=.swal2-html-container</arg>
<arg>visible</arg>
<arg>5</arg>
<tag>PageContent</tag>
<tag>Wait</tag>
<doc>Waits for the element found by ``selector`` to satisfy state option.</doc>
<msg timestamp="20231029 23:36:56.471" level="INFO">Waited for Element with selector css=.swal2-html-container at state visible</msg>
<status status="PASS" starttime="20231029 23:36:56.109" endtime="20231029 23:36:56.472"/>
</kw>
<kw name="Get Text" library="Browser">
<arg>css=.swal2-html-container</arg>
<arg>equal</arg>
<arg>${expected_text}</arg>
<tag>Assertion</tag>
<tag>Getter</tag>
<tag>PageContent</tag>
<doc>Returns text attribute of the element found by ``selector``.</doc>
<msg timestamp="20231029 23:36:56.518" level="INFO">Text: 'Recebemos o seu cadastro e em breve retornaremos o contato.'</msg>
<status status="PASS" starttime="20231029 23:36:56.472" endtime="20231029 23:36:56.518"/>
</kw>
<status status="PASS" starttime="20231029 23:36:56.108" endtime="20231029 23:36:56.519"/>
</kw>
<kw name="Finish session" library="base" type="TEARDOWN">
<kw name="Take Screenshot" library="Browser">
<arg>fullPage=True</arg>
<tag>PageContent</tag>
<doc>Takes a screenshot of the current window or element and saves it to disk.</doc>
<msg timestamp="20231029 23:36:56.792" level="INFO" html="true">&lt;/td&gt;&lt;/tr&gt;&lt;tr&gt;&lt;td colspan="3"&gt;&lt;a href="browser/screenshot/robotframework-browser-screenshot-5.png" target="_blank"&gt;&lt;img src="browser/screenshot/robotframework-browser-screenshot-5.png" width="800px"/&gt;&lt;/a&gt;</msg>
<status status="PASS" starttime="20231029 23:36:56.520" endtime="20231029 23:36:56.792"/>
</kw>
<status status="PASS" starttime="20231029 23:36:56.519" endtime="20231029 23:36:56.793"/>
</kw>
<tag>aservice</tag>
<status status="PASS" starttime="20231029 23:36:53.807" endtime="20231029 23:36:56.793"/>
</test>
<test id="s1-t5" name="Deve poder cadastrar um novo dog walker que sabe adestrar pets" line="84">
<kw name="Start session" library="base" type="SETUP">
<kw name="New Browser" library="Browser">
<arg>browser=${BROWSER}</arg>
<arg>headless=False</arg>
<tag>BrowserControl</tag>
<tag>Setter</tag>
<doc>Create a new playwright Browser with specified options.</doc>
<msg timestamp="20231029 23:36:56.931" level="INFO">Switching browser to browser=466b7275-a46e-43eb-856e-e26c15f9c782</msg>
<msg timestamp="20231029 23:36:56.935" level="INFO">Successfully changed active browser: browser=466b7275-a46e-43eb-856e-e26c15f9c782</msg>
<msg timestamp="20231029 23:36:56.935" level="INFO">Reusing existing browser with id: browser=466b7275-a46e-43eb-856e-e26c15f9c782</msg>
<status status="PASS" starttime="20231029 23:36:56.931" endtime="20231029 23:36:56.935"/>
</kw>
<kw name="New Page" library="Browser">
<arg>https://walkdog.vercel.app</arg>
<tag>BrowserControl</tag>
<tag>Setter</tag>
<doc>Open a new Page.</doc>
<msg timestamp="20231029 23:36:57.804" level="INFO">Successfully initialized new page object and opened url: https://walkdog.vercel.app</msg>
<msg timestamp="20231029 23:36:57.804" level="INFO">No context was open. New context was automatically opened when this page is created.</msg>
<status status="PASS" starttime="20231029 23:36:56.936" endtime="20231029 23:36:57.804"/>
</kw>
<kw name="Wait For Elements State" library="Browser">
<arg>css=h1 &gt;&gt; text=Cuidado e diversão em cada passo</arg>
<arg>visible</arg>
<arg>5</arg>
<tag>PageContent</tag>
<tag>Wait</tag>
<doc>Waits for the element found by ``selector`` to satisfy state option.</doc>
<msg timestamp="20231029 23:36:57.885" level="INFO">Waited for Element with selector css=h1 &gt;&gt; text=Cuidado e diversão em cada passo at state visible</msg>
<status status="PASS" starttime="20231029 23:36:57.804" endtime="20231029 23:36:57.885"/>
</kw>
<status status="PASS" starttime="20231029 23:36:56.930" endtime="20231029 23:36:57.886"/>
</kw>
<kw name="Create Dictionary" library="BuiltIn">
<var>${dog_walker}</var>
<arg>name=Papito Fernando</arg>
<arg>email=papito@yahoo.com</arg>
<arg>cpf=00000014141</arg>
<arg>cep=04534011</arg>
<arg>street=Rua Joaquim Floriano</arg>
<arg>district=Itaim Bibi</arg>
<arg>city_uf=São Paulo/SP</arg>
<arg>number=1000</arg>
<arg>details=Apto 28</arg>
<arg>cnh=toretto.jpg</arg>
<doc>Creates and returns a dictionary based on the given ``items``.</doc>
<msg timestamp="20231029 23:36:57.887" level="INFO">${dog_walker} = {'name': 'Papito Fernando', 'email': 'papito@yahoo.com', 'cpf': '00000014141', 'cep': '04534011', 'street': 'Rua Joaquim Floriano', 'district': 'Itaim Bibi', 'city_uf': 'São Paulo/SP', 'number': '1000...</msg>
<status status="PASS" starttime="20231029 23:36:57.886" endtime="20231029 23:36:57.887"/>
</kw>
<kw name="Go to signup page" library="signup">
<kw name="Click" library="Browser">
<arg>css=a[href="/signup"]</arg>
<tag>PageContent</tag>
<tag>Setter</tag>
<doc>Simulates mouse click on the element found by ``selector``.</doc>
<status status="PASS" starttime="20231029 23:36:57.887" endtime="20231029 23:36:57.999"/>
</kw>
<kw name="Wait For Elements State" library="Browser">
<arg>form h1</arg>
<arg>visible</arg>
<arg>timeout=5000</arg>
<tag>PageContent</tag>
<tag>Wait</tag>
<doc>Waits for the element found by ``selector`` to satisfy state option.</doc>
<msg timestamp="20231029 23:36:58.012" level="INFO">Waited for Element with selector form h1 at state visible</msg>
<status status="PASS" starttime="20231029 23:36:58.000" endtime="20231029 23:36:58.012"/>
</kw>
<kw name="Get Text" library="Browser">
<arg>form h1</arg>
<arg>equal</arg>
<arg>Faça seu cadastro</arg>
<tag>Assertion</tag>
<tag>Getter</tag>
<tag>PageContent</tag>
<doc>Returns text attribute of the element found by ``selector``.</doc>
<msg timestamp="20231029 23:36:58.062" level="INFO">Text: 'Faça seu cadastro'</msg>
<status status="PASS" starttime="20231029 23:36:58.012" endtime="20231029 23:36:58.062"/>
</kw>
<status status="PASS" starttime="20231029 23:36:57.887" endtime="20231029 23:36:58.063"/>
</kw>
<kw name="Fill signup form" library="signup">
<arg>${dog_walker}</arg>
<kw name="Fill Text" library="Browser">
<arg>css=input[name=name]</arg>
<arg>${dog_walker}[name]</arg>
<tag>PageContent</tag>
<tag>Setter</tag>
<doc>Clears and fills the given ``txt`` into the text field found by ``selector``.</doc>
<msg timestamp="20231029 23:36:58.064" level="INFO">Fills the text 'Papito Fernando' in the given field.</msg>
<status status="PASS" starttime="20231029 23:36:58.063" endtime="20231029 23:36:58.092"/>
</kw>
<kw name="Fill Text" library="Browser">
<arg>css=input[name=email]</arg>
<arg>${dog_walker}[email]</arg>
<tag>PageContent</tag>
<tag>Setter</tag>
<doc>Clears and fills the given ``txt`` into the text field found by ``selector``.</doc>
<msg timestamp="20231029 23:36:58.093" level="INFO">Fills the text 'papito@yahoo.com' in the given field.</msg>
<status status="PASS" starttime="20231029 23:36:58.093" endtime="20231029 23:36:58.121"/>
</kw>
<kw name="Fill Text" library="Browser">
<arg>css=input[name=cpf]</arg>
<arg>${dog_walker}[cpf]</arg>
<tag>PageContent</tag>
<tag>Setter</tag>
<doc>Clears and fills the given ``txt`` into the text field found by ``selector``.</doc>
<msg timestamp="20231029 23:36:58.122" level="INFO">Fills the text '00000014141' in the given field.</msg>
<status status="PASS" starttime="20231029 23:36:58.121" endtime="20231029 23:36:58.153"/>
</kw>
<kw name="Fill Text" library="Browser">
<arg>css=input[name=cep]</arg>
<arg>${dog_walker}[cep]</arg>
<tag>PageContent</tag>
<tag>Setter</tag>
<doc>Clears and fills the given ``txt`` into the text field found by ``selector``.</doc>
<msg timestamp="20231029 23:36:58.153" level="INFO">Fills the text '04534011' in the given field.</msg>
<status status="PASS" starttime="20231029 23:36:58.153" endtime="20231029 23:36:58.179"/>
</kw>
<kw name="Click" library="Browser">
<arg>css=input[type=button][value$=CEP]</arg>
<tag>PageContent</tag>
<tag>Setter</tag>
<doc>Simulates mouse click on the element found by ``selector``.</doc>
<status status="PASS" starttime="20231029 23:36:58.179" endtime="20231029 23:36:58.242"/>
</kw>
<kw name="Get Property" library="Browser">
<arg>css=input[name=addressStreet]</arg>
<arg>value</arg>
<arg>equal</arg>
<arg>${dog_walker}[street]</arg>
<tag>Assertion</tag>
<tag>Getter</tag>
<tag>PageContent</tag>
<doc>Returns the ``property`` of the element found by ``selector``.</doc>
<msg timestamp="20231029 23:36:58.658" level="INFO">Property: 'Rua Joaquim Floriano'</msg>
<status status="PASS" starttime="20231029 23:36:58.242" endtime="20231029 23:36:58.658"/>
</kw>
<kw name="Get Property" library="Browser">
<arg>css=input[name=addressDistrict]</arg>
<arg>value</arg>
<arg>equal</arg>
<arg>${dog_walker}[district]</arg>
<tag>Assertion</tag>
<tag>Getter</tag>
<tag>PageContent</tag>
<doc>Returns the ``property`` of the element found by ``selector``.</doc>
<msg timestamp="20231029 23:36:58.674" level="INFO">Property: 'Itaim Bibi'</msg>
<status status="PASS" starttime="20231029 23:36:58.658" endtime="20231029 23:36:58.674"/>
</kw>
<kw name="Get Property" library="Browser">
<arg>css=input[name=addressCityUf]</arg>
<arg>value</arg>
<arg>equal</arg>
<arg>${dog_walker}[city_uf]</arg>
<tag>Assertion</tag>
<tag>Getter</tag>
<tag>PageContent</tag>
<doc>Returns the ``property`` of the element found by ``selector``.</doc>
<msg timestamp="20231029 23:36:58.688" level="INFO">Property: 'São Paulo/SP'</msg>
<status status="PASS" starttime="20231029 23:36:58.674" endtime="20231029 23:36:58.688"/>
</kw>
<kw name="Fill Text" library="Browser">
<arg>css=input[name=addressNumber]</arg>
<arg>${dog_walker}[number]</arg>
<tag>PageContent</tag>
<tag>Setter</tag>
<doc>Clears and fills the given ``txt`` into the text field found by ``selector``.</doc>
<msg timestamp="20231029 23:36:58.689" level="INFO">Fills the text '1000' in the given field.</msg>
<status status="PASS" starttime="20231029 23:36:58.688" endtime="20231029 23:36:58.714"/>
</kw>
<kw name="Fill Text" library="Browser">
<arg>css=input[name=addressDetails]</arg>
<arg>${dog_walker}[details]</arg>
<tag>PageContent</tag>
<tag>Setter</tag>
<doc>Clears and fills the given ``txt`` into the text field found by ``selector``.</doc>
<msg timestamp="20231029 23:36:58.715" level="INFO">Fills the text 'Apto 28' in the given field.</msg>
<status status="PASS" starttime="20231029 23:36:58.714" endtime="20231029 23:36:58.740"/>
</kw>
<kw name="Upload File By Selector" library="Browser">
<arg>css=input[type="file"]</arg>
<arg>${EXECDIR}/resources/fixtures/${dog_walker}[cnh]</arg>
<tag>PageContent</tag>
<tag>Setter</tag>
<doc>Uploads file from `path` to file input element matched by selector.</doc>
<status status="PASS" starttime="20231029 23:36:58.741" endtime="20231029 23:36:58.783"/>
</kw>
<status status="PASS" starttime="20231029 23:36:58.063" endtime="20231029 23:36:58.783"/>
</kw>
<kw name="Additional Service" library="signup">
<arg>Adestrar</arg>
<kw name="Click" library="Browser">
<arg>xpath=//span[text()="${additional_service}"]/..</arg>
<tag>PageContent</tag>
<tag>Setter</tag>
<doc>Simulates mouse click on the element found by ``selector``.</doc>
<status status="PASS" starttime="20231029 23:36:58.784" endtime="20231029 23:36:58.930"/>
</kw>
<kw name="Take Screenshot" library="Browser">
<arg>selector=//span[text()="${additional_service}"]/..</arg>
<tag>PageContent</tag>
<doc>Takes a screenshot of the current window or element and saves it to disk.</doc>
<msg timestamp="20231029 23:36:59.030" level="INFO" html="true">&lt;/td&gt;&lt;/tr&gt;&lt;tr&gt;&lt;td colspan="3"&gt;&lt;a href="browser/screenshot/robotframework-browser-screenshot-6.png" target="_blank"&gt;&lt;img src="browser/screenshot/robotframework-browser-screenshot-6.png" width="800px"/&gt;&lt;/a&gt;</msg>
<status status="PASS" starttime="20231029 23:36:58.930" endtime="20231029 23:36:59.030"/>
</kw>
<status status="PASS" starttime="20231029 23:36:58.783" endtime="20231029 23:36:59.031"/>
</kw>
<kw name="Submit signup form" library="signup">
<kw name="Click" library="Browser">
<arg>css=.button-register</arg>
<tag>PageContent</tag>
<tag>Setter</tag>
<doc>Simulates mouse click on the element found by ``selector``.</doc>
<status status="PASS" starttime="20231029 23:36:59.032" endtime="20231029 23:36:59.170"/>
</kw>
<status status="PASS" starttime="20231029 23:36:59.031" endtime="20231029 23:36:59.170"/>
</kw>
<kw name="Popup should be" library="signup">
<arg>Recebemos o seu cadastro e em breve retornaremos o contato.</arg>
<kw name="Wait For Elements State" library="Browser">
<arg>css=.swal2-html-container</arg>
<arg>visible</arg>
<arg>5</arg>
<tag>PageContent</tag>
<tag>Wait</tag>
<doc>Waits for the element found by ``selector`` to satisfy state option.</doc>
<msg timestamp="20231029 23:36:59.497" level="INFO">Waited for Element with selector css=.swal2-html-container at state visible</msg>
<status status="PASS" starttime="20231029 23:36:59.171" endtime="20231029 23:36:59.497"/>
</kw>
<kw name="Get Text" library="Browser">
<arg>css=.swal2-html-container</arg>
<arg>equal</arg>
<arg>${expected_text}</arg>
<tag>Assertion</tag>
<tag>Getter</tag>
<tag>PageContent</tag>
<doc>Returns text attribute of the element found by ``selector``.</doc>
<msg timestamp="20231029 23:36:59.538" level="INFO">Text: 'Recebemos o seu cadastro e em breve retornaremos o contato.'</msg>
<status status="PASS" starttime="20231029 23:36:59.497" endtime="20231029 23:36:59.538"/>
</kw>
<status status="PASS" starttime="20231029 23:36:59.171" endtime="20231029 23:36:59.539"/>
</kw>
<kw name="Finish session" library="base" type="TEARDOWN">
<kw name="Take Screenshot" library="Browser">
<arg>fullPage=True</arg>
<tag>PageContent</tag>
<doc>Takes a screenshot of the current window or element and saves it to disk.</doc>
<msg timestamp="20231029 23:36:59.830" level="INFO" html="true">&lt;/td&gt;&lt;/tr&gt;&lt;tr&gt;&lt;td colspan="3"&gt;&lt;a href="browser/screenshot/robotframework-browser-screenshot-7.png" target="_blank"&gt;&lt;img src="browser/screenshot/robotframework-browser-screenshot-7.png" width="800px"/&gt;&lt;/a&gt;</msg>
<status status="PASS" starttime="20231029 23:36:59.539" endtime="20231029 23:36:59.830"/>
</kw>
<status status="PASS" starttime="20231029 23:36:59.539" endtime="20231029 23:36:59.830"/>
</kw>
<tag>aservice</tag>
<status status="PASS" starttime="20231029 23:36:56.927" endtime="20231029 23:36:59.830"/>
</test>
<doc>Suite de testes de cadastro do dog walker</doc>
<status status="PASS" starttime="20231029 23:36:44.236" endtime="20231029 23:36:59.983"/>
</suite>
<statistics>
<total>
<stat pass="5" fail="0" skip="0">All Tests</stat>
</total>
<tag>
<stat pass="2" fail="0" skip="0">aservice</stat>
<stat pass="1" fail="0" skip="0">cpf_inv</stat>
<stat pass="1" fail="0" skip="0">required</stat>
<stat pass="1" fail="0" skip="0">smoke</stat>
</tag>
<suite>
<stat pass="5" fail="0" skip="0" id="s1" name="Signup">Signup</stat>
</suite>
</statistics>
<errors>
</errors>
</robot>
